<?xml version="1.0" encoding="UTF-8"?>
<!-- Generated by org.testng.reporters.JUnitXMLReporter -->
<testsuite ignored="0" hostname="UtpalLade" failures="0" tests="3" name="Default test" time="18.258" errors="0" timestamp="2024-04-05T12:23:23 IST">
  <testcase classname="api.test.StoreTestswithresourceroutes" name="testPostStore" time="14.655"/>
  <testcase classname="api.test.StoreTestswithresourceroutes" name="testgetStore" time="1.592"/>
  <testcase classname="api.test.StoreTestswithresourceroutes" name="testdeletStore" time="1.908"/>
</testsuite> <!-- Default test -->
