<?xml version="1.0" encoding="UTF-8"?>
<!-- Generated by org.testng.reporters.JUnitXMLReporter -->
<testsuite ignored="0" hostname="UtpalLade" failures="0" tests="10" name="Default test" time="25.627" errors="0" timestamp="2024-04-01T19:16:38 IST">
  <testcase classname="api.test.UserTests" name="testPostUser" time="4.053"/>
  <testcase classname="api.test.UserTests" name="testGetUser" time="1.972"/>
  <testcase classname="api.test.UserTests" name="testUpdateUser" time="2.11"/>
  <testcase classname="api.test.UserTests" name="testDeleteUser" time="2.107"/>
  <testcase classname="api.test.DDTests" name="testPostUser" time="2.453"/>
  <testcase classname="api.test.DDTests" name="testPostUser" time="2.312"/>
  <testcase classname="api.test.DDTests" name="testPostUser" time="2.483"/>
  <testcase classname="api.test.DDTests" name="testDeleteUserbyName" time="2.78"/>
  <testcase classname="api.test.DDTests" name="testDeleteUserbyName" time="2.233"/>
  <testcase classname="api.test.DDTests" name="testDeleteUserbyName" time="1.937"/>
</testsuite> <!-- Default test -->
