<?xml version="1.0" encoding="UTF-8"?>
<testng-results ignored="0" total="4" passed="4" failed="0" skipped="0">
  <reporter-output>
  </reporter-output>
  <suite started-at="2024-04-03T18:50:19 IST" name="PetSuite" finished-at="2024-04-03T18:50:29 IST" duration-ms="10282">
    <groups>
    </groups>
    <test started-at="2024-04-03T18:50:19 IST" name="PetTest" finished-at="2024-04-03T18:50:29 IST" duration-ms="10282">
      <class name="api.test.UserTests2">
        <test-method is-config="true" signature="setdata()[pri:0, instance:api.test.UserTests2@1afd44cb]" started-at="2024-04-03T18:50:19 IST" name="setdata" finished-at="2024-04-03T18:50:19 IST" duration-ms="153" status="PASS">
          <reporter-output>
          </reporter-output>
        </test-method> <!-- setdata -->
        <test-method signature="testPostUser()[pri:1, instance:api.test.UserTests2@1afd44cb]" started-at="2024-04-03T18:50:19 IST" name="testPostUser" finished-at="2024-04-03T18:50:24 IST" duration-ms="4394" status="PASS">
          <reporter-output>
          </reporter-output>
        </test-method> <!-- testPostUser -->
        <test-method signature="testGetUser()[pri:2, instance:api.test.UserTests2@1afd44cb]" started-at="2024-04-03T18:50:24 IST" name="testGetUser" finished-at="2024-04-03T18:50:26 IST" duration-ms="2003" status="PASS">
          <reporter-output>
          </reporter-output>
        </test-method> <!-- testGetUser -->
        <test-method signature="testUpdateUser()[pri:3, instance:api.test.UserTests2@1afd44cb]" started-at="2024-04-03T18:50:26 IST" name="testUpdateUser" finished-at="2024-04-03T18:50:27 IST" duration-ms="1772" status="PASS">
          <reporter-output>
          </reporter-output>
        </test-method> <!-- testUpdateUser -->
        <test-method signature="testDeleteUser()[pri:4, instance:api.test.UserTests2@1afd44cb]" started-at="2024-04-03T18:50:27 IST" name="testDeleteUser" finished-at="2024-04-03T18:50:29 IST" duration-ms="1754" status="PASS">
          <reporter-output>
          </reporter-output>
        </test-method> <!-- testDeleteUser -->
      </class> <!-- api.test.UserTests2 -->
    </test> <!-- PetTest -->
  </suite> <!-- PetSuite -->
</testng-results>
