<?xml version="1.0" encoding="UTF-8"?>
<testng-results ignored="0" total="4" passed="4" failed="0" skipped="0">
  <reporter-output>
  </reporter-output>
  <suite started-at="2024-04-02T19:28:04 IST" name="PetSuite" finished-at="2024-04-02T19:28:18 IST" duration-ms="13825">
    <groups>
    </groups>
    <test started-at="2024-04-02T19:28:04 IST" name="PetTest" finished-at="2024-04-02T19:28:18 IST" duration-ms="13825">
      <class name="api.test.UserTests2">
        <test-method is-config="true" signature="setdata()[pri:0, instance:api.test.UserTests2@6d4d66d2]" started-at="2024-04-02T19:28:05 IST" name="setdata" finished-at="2024-04-02T19:28:05 IST" duration-ms="242" status="PASS">
          <reporter-output>
          </reporter-output>
        </test-method> <!-- setdata -->
        <test-method signature="testPostUser()[pri:1, instance:api.test.UserTests2@6d4d66d2]" started-at="2024-04-02T19:28:05 IST" name="testPostUser" finished-at="2024-04-02T19:28:12 IST" duration-ms="6785" status="PASS">
          <reporter-output>
          </reporter-output>
        </test-method> <!-- testPostUser -->
        <test-method signature="testGetUser()[pri:2, instance:api.test.UserTests2@6d4d66d2]" started-at="2024-04-02T19:28:12 IST" name="testGetUser" finished-at="2024-04-02T19:28:14 IST" duration-ms="1938" status="PASS">
          <reporter-output>
          </reporter-output>
        </test-method> <!-- testGetUser -->
        <test-method signature="testUpdateUser()[pri:3, instance:api.test.UserTests2@6d4d66d2]" started-at="2024-04-02T19:28:14 IST" name="testUpdateUser" finished-at="2024-04-02T19:28:16 IST" duration-ms="2453" status="PASS">
          <reporter-output>
          </reporter-output>
        </test-method> <!-- testUpdateUser -->
        <test-method signature="testDeleteUser()[pri:4, instance:api.test.UserTests2@6d4d66d2]" started-at="2024-04-02T19:28:16 IST" name="testDeleteUser" finished-at="2024-04-02T19:28:18 IST" duration-ms="2047" status="PASS">
          <reporter-output>
          </reporter-output>
        </test-method> <!-- testDeleteUser -->
      </class> <!-- api.test.UserTests2 -->
    </test> <!-- PetTest -->
  </suite> <!-- PetSuite -->
</testng-results>
