<?xml version="1.0" encoding="UTF-8"?>
<testng-results ignored="0" total="3" passed="3" failed="0" skipped="0">
  <reporter-output>
  </reporter-output>
  <suite started-at="2024-04-05T19:36:17 IST" name="PetSuite" finished-at="2024-04-05T19:36:23 IST" duration-ms="6626">
    <groups>
    </groups>
    <test started-at="2024-04-05T19:36:17 IST" name="PetTest" finished-at="2024-04-05T19:36:23 IST" duration-ms="6626">
      <class name="api.test.StoreTestslog">
        <test-method is-config="true" signature="setdata()[pri:0, instance:api.test.StoreTestslog@54c5a2ff]" started-at="2024-04-05T19:36:17 IST" name="setdata" finished-at="2024-04-05T19:36:17 IST" duration-ms="382" status="PASS">
          <reporter-output>
          </reporter-output>
        </test-method> <!-- setdata -->
        <test-method signature="testPostStore()[pri:1, instance:api.test.StoreTestslog@54c5a2ff]" started-at="2024-04-05T19:36:17 IST" name="testPostStore" finished-at="2024-04-05T19:36:20 IST" duration-ms="2919" status="PASS">
          <reporter-output>
          </reporter-output>
        </test-method> <!-- testPostStore -->
        <test-method signature="testgetStore()[pri:2, instance:api.test.StoreTestslog@54c5a2ff]" started-at="2024-04-05T19:36:20 IST" name="testgetStore" finished-at="2024-04-05T19:36:22 IST" duration-ms="1507" status="PASS">
          <reporter-output>
          </reporter-output>
        </test-method> <!-- testgetStore -->
        <test-method signature="testdeletStore()[pri:3, instance:api.test.StoreTestslog@54c5a2ff]" started-at="2024-04-05T19:36:22 IST" name="testdeletStore" finished-at="2024-04-05T19:36:23 IST" duration-ms="1625" status="PASS">
          <reporter-output>
          </reporter-output>
        </test-method> <!-- testdeletStore -->
      </class> <!-- api.test.StoreTestslog -->
    </test> <!-- PetTest -->
  </suite> <!-- PetSuite -->
</testng-results>
