<?xml version="1.0" encoding="UTF-8"?>
<!-- Generated by org.testng.reporters.JUnitXMLReporter -->
<testsuite ignored="0" hostname="UtpalLade" failures="0" tests="4" name="PetTest" time="10.282" errors="0" timestamp="2024-04-03T18:50:29 IST">
  <testcase classname="api.test.UserTests2" name="testPostUser" time="4.394"/>
  <testcase classname="api.test.UserTests2" name="testGetUser" time="2.003"/>
  <testcase classname="api.test.UserTests2" name="testUpdateUser" time="1.772"/>
  <testcase classname="api.test.UserTests2" name="testDeleteUser" time="1.754"/>
</testsuite> <!-- PetTest -->
