<?xml version="1.0" encoding="UTF-8"?>
<!-- Generated by org.testng.reporters.JUnitXMLReporter -->
<testsuite ignored="0" hostname="UtpalLade" failures="0" tests="4" name="PetTest" time="13.825" errors="0" timestamp="2024-04-02T19:28:19 IST">
  <testcase classname="api.test.UserTests2" name="testPostUser" time="6.785"/>
  <testcase classname="api.test.UserTests2" name="testGetUser" time="1.938"/>
  <testcase classname="api.test.UserTests2" name="testUpdateUser" time="2.453"/>
  <testcase classname="api.test.UserTests2" name="testDeleteUser" time="2.047"/>
</testsuite> <!-- PetTest -->
